# JRE version: OpenJDK Runtime Environment (7.0_65-b32) (build 1.7.0_65-b32)
# Java VM: OpenJDK 64-Bit Server VM (24.65-b04 mixed mode linux-amd64 compressed oops)
Heap
 PSYoungGen      total 336384K, used 6529K [0x00000007d5500000, 0x00000007eaa80000, 0x0000000800000000)
  eden space 325120K, 2% used [0x00000007d5500000,0x00000007d5b606f0,0x00000007e9280000)
  from space 11264K, 0% used [0x00000007e9f80000,0x00000007e9f80000,0x00000007eaa80000)
  to   space 12288K, 0% used [0x00000007e9280000,0x00000007e9280000,0x00000007e9e80000)
 ParOldGen       total 699392K, used 454526K [0x0000000780000000, 0x00000007aab00000, 0x00000007d5500000)
  object space 699392K, 64% used [0x0000000780000000,0x000000079bbdfb10,0x00000007aab00000)
 PSPermGen       total 524288K, used 62770K [0x0000000760000000, 0x0000000780000000, 0x0000000780000000)
  object space 524288K, 11% used [0x0000000760000000,0x0000000763d4cb30,0x0000000780000000)
GC Heap History (10 events):
Event: 18386.670 GC heap before
{Heap before GC invocations=1956 (full 10):
 PSYoungGen      total 337408K, used 332128K [0x00000007d5500000, 0x00000007eaa80000, 0x0000000800000000)
  eden space 325120K, 100% used [0x00000007d5500000,0x00000007e9280000,0x00000007e9280000)
  from space 12288K, 57% used [0x00000007e9280000,0x00000007e9958000,0x00000007e9e80000)
  to   space 11776K, 0% used [0x00000007e9f00000,0x00000007e9f00000,0x00000007eaa80000)
 ParOldGen       total 699392K, used 473657K [0x0000000780000000, 0x00000007aab00000, 0x00000007d5500000)
  object space 699392K, 67% used [0x0000000780000000,0x000000079ce8e490,0x00000007aab00000)
 PSPermGen       total 524288K, used 62820K [0x0000000760000000, 0x0000000780000000, 0x0000000780000000)
  object space 524288K, 11% used [0x0000000760000000,0x0000000763d593e8,0x0000000780000000)
Event: 18386.686 GC heap after
Heap after GC invocations=1956 (full 10):
 PSYoungGen      total 337920K, used 4800K [0x00000007d5500000, 0x00000007eaa80000, 0x0000000800000000)
  eden space 326144K, 0% used [0x00000007d5500000,0x00000007d5500000,0x00000007e9380000)
  from space 11776K, 40% used [0x00000007e9f00000,0x00000007ea3b0000,0x00000007eaa80000)
  to   space 11776K, 0% used [0x00000007e9380000,0x00000007e9380000,0x00000007e9f00000)
 ParOldGen       total 699392K, used 473885K [0x0000000780000000, 0x00000007aab00000, 0x00000007d5500000)
  object space 699392K, 67% used [0x0000000780000000,0x000000079cec7560,0x00000007aab00000)
 PSPermGen       total 524288K, used 62820K [0x0000000760000000, 0x0000000780000000, 0x0000000780000000)
  object space 524288K, 11% used [0x0000000760000000,0x0000000763d593e8,0x0000000780000000)
}
Event: 18387.973 GC heap before
{Heap before GC invocations=1957 (full 10):
 PSYoungGen      total 337920K, used 117717K [0x00000007d5500000, 0x00000007eaa80000, 0x0000000800000000)
  eden space 326144K, 34% used [0x00000007d5500000,0x00000007dc3456b8,0x00000007e9380000)
  from space 11776K, 40% used [0x00000007e9f00000,0x00000007ea3b0000,0x00000007eaa80000)
  to   space 11776K, 0% used [0x00000007e9380000,0x00000007e9380000,0x00000007e9f00000)
 ParOldGen       total 699392K, used 473885K [0x0000000780000000, 0x00000007aab00000, 0x00000007d5500000)
  object space 699392K, 67% used [0x0000000780000000,0x000000079cec7560,0x00000007aab00000)
 PSPermGen       total 524288K, used 62820K [0x0000000760000000, 0x0000000780000000, 0x0000000780000000)
  object space 524288K, 11% used [0x0000000760000000,0x0000000763d593e8,0x0000000780000000)
Event: 18387.989 GC heap after
Heap after GC invocations=1957 (full 10):
 PSYoungGen      total 337920K, used 4832K [0x00000007d5500000, 0x00000007eaa80000, 0x0000000800000000)
  eden space 326144K, 0% used [0x00000007d5500000,0x00000007d5500000,0x00000007e9380000)
  from space 11776K, 41% used [0x00000007e9380000,0x00000007e9838000,0x00000007e9f00000)
  to   space 11264K, 0% used [0x00000007e9f80000,0x00000007e9f80000,0x00000007eaa80000)
 ParOldGen       total 699392K, used 473901K [0x0000000780000000, 0x00000007aab00000, 0x00000007d5500000)
  object space 699392K, 67% used [0x0000000780000000,0x000000079cecb560,0x00000007aab00000)
 PSPermGen       total 524288K, used 62820K [0x0000000760000000, 0x0000000780000000, 0x0000000780000000)
  object space 524288K, 11% used [0x0000000760000000,0x0000000763d593e8,0x0000000780000000)
}
Event: 18387.989 GC heap before
{Heap before GC invocations=1958 (full 11):
 PSYoungGen      total 337920K, used 4832K [0x00000007d5500000, 0x00000007eaa80000, 0x0000000800000000)
  eden space 326144K, 0% used [0x00000007d5500000,0x00000007d5500000,0x00000007e9380000)
  from space 11776K, 41% used [0x00000007e9380000,0x00000007e9838000,0x00000007e9f00000)
  to   space 11264K, 0% used [0x00000007e9f80000,0x00000007e9f80000,0x00000007eaa80000)
 ParOldGen       total 699392K, used 473901K [0x0000000780000000, 0x00000007aab00000, 0x00000007d5500000)
  object space 699392K, 67% used [0x0000000780000000,0x000000079cecb560,0x00000007aab00000)
 PSPermGen       total 524288K, used 62820K [0x0000000760000000, 0x0000000780000000, 0x0000000780000000)
  object space 524288K, 11% used [0x0000000760000000,0x0000000763d593e8,0x0000000780000000)
Event: 18388.724 GC heap after
Heap after GC invocations=1958 (full 11):
 PSYoungGen      total 337920K, used 0K [0x00000007d5500000, 0x00000007eaa80000, 0x0000000800000000)
  eden space 326144K, 0% used [0x00000007d5500000,0x00000007d5500000,0x00000007e9380000)
  from space 11776K, 0% used [0x00000007e9380000,0x00000007e9380000,0x00000007e9f00000)
  to   space 11264K, 0% used [0x00000007e9f80000,0x00000007e9f80000,0x00000007eaa80000)
 ParOldGen       total 699392K, used 454523K [0x0000000780000000, 0x00000007aab00000, 0x00000007d5500000)
  object space 699392K, 64% used [0x0000000780000000,0x000000079bbdef58,0x00000007aab00000)
 PSPermGen       total 524288K, used 62770K [0x0000000760000000, 0x0000000780000000, 0x0000000780000000)
  object space 524288K, 11% used [0x0000000760000000,0x0000000763d4cb30,0x0000000780000000)
}
Event: 18388.725 GC heap before
{Heap before GC invocations=1959 (full 11):
 PSYoungGen      total 337920K, used 14K [0x00000007d5500000, 0x00000007eaa80000, 0x0000000800000000)
  eden space 326144K, 0% used [0x00000007d5500000,0x00000007d5503970,0x00000007e9380000)
  from space 11776K, 0% used [0x00000007e9380000,0x00000007e9380000,0x00000007e9f00000)
  to   space 11264K, 0% used [0x00000007e9f80000,0x00000007e9f80000,0x00000007eaa80000)
 ParOldGen       total 699392K, used 454523K [0x0000000780000000, 0x00000007aab00000, 0x00000007d5500000)
  object space 699392K, 64% used [0x0000000780000000,0x000000079bbdef58,0x00000007aab00000)
 PSPermGen       total 524288K, used 62770K [0x0000000760000000, 0x0000000780000000, 0x0000000780000000)
  object space 524288K, 11% used [0x0000000760000000,0x0000000763d4cb30,0x0000000780000000)
Event: 18388.748 GC heap after
Heap after GC invocations=1959 (full 11):
 PSYoungGen      total 336384K, used 32K [0x00000007d5500000, 0x00000007eaa80000, 0x0000000800000000)
  eden space 325120K, 0% used [0x00000007d5500000,0x00000007d5500000,0x00000007e9280000)
  from space 11264K, 0% used [0x00000007e9f80000,0x00000007e9f88000,0x00000007eaa80000)
  to   space 12288K, 0% used [0x00000007e9280000,0x00000007e9280000,0x00000007e9e80000)
 ParOldGen       total 699392K, used 454523K [0x0000000780000000, 0x00000007aab00000, 0x00000007d5500000)
  object space 699392K, 64% used [0x0000000780000000,0x000000079bbdef58,0x00000007aab00000)
 PSPermGen       total 524288K, used 62770K [0x0000000760000000, 0x0000000780000000, 0x0000000780000000)
  object space 524288K, 11% used [0x0000000760000000,0x0000000763d4cb30,0x0000000780000000)
}
Event: 18388.748 GC heap before
{Heap before GC invocations=1960 (full 12):
 PSYoungGen      total 336384K, used 32K [0x00000007d5500000, 0x00000007eaa80000, 0x0000000800000000)
  eden space 325120K, 0% used [0x00000007d5500000,0x00000007d5500000,0x00000007e9280000)
  from space 11264K, 0% used [0x00000007e9f80000,0x00000007e9f88000,0x00000007eaa80000)
  to   space 12288K, 0% used [0x00000007e9280000,0x00000007e9280000,0x00000007e9e80000)
 ParOldGen       total 699392K, used 454523K [0x0000000780000000, 0x00000007aab00000, 0x00000007d5500000)
  object space 699392K, 64% used [0x0000000780000000,0x000000079bbdef58,0x00000007aab00000)
 PSPermGen       total 524288K, used 62770K [0x0000000760000000, 0x0000000780000000, 0x0000000780000000)
  object space 524288K, 11% used [0x0000000760000000,0x0000000763d4cb30,0x0000000780000000)
Event: 18389.063 GC heap after
Heap after GC invocations=1960 (full 12):
 PSYoungGen      total 336384K, used 0K [0x00000007d5500000, 0x00000007eaa80000, 0x0000000800000000)
  eden space 325120K, 0% used [0x00000007d5500000,0x00000007d5500000,0x00000007e9280000)
  from space 11264K, 0% used [0x00000007e9f80000,0x00000007e9f80000,0x00000007eaa80000)
  to   space 12288K, 0% used [0x00000007e9280000,0x00000007e9280000,0x00000007e9e80000)
 ParOldGen       total 699392K, used 454526K [0x0000000780000000, 0x00000007aab00000, 0x00000007d5500000)
  object space 699392K, 64% used [0x0000000780000000,0x000000079bbdfb10,0x00000007aab00000)
 PSPermGen       total 524288K, used 62770K [0x0000000760000000, 0x0000000780000000, 0x0000000780000000)
  object space 524288K, 11% used [0x0000000760000000,0x0000000763d4cb30,0x0000000780000000)
}

